[debug] [2024-08-22T16:21:57.607Z] ----------------------------------------------------------------------
[debug] [2024-08-22T16:21:57.609Z] Command:       C:\Program Files\nodejs\node.exe C:\Users\ntrik\AppData\Roaming\npm\node_modules\firebase-tools\lib\bin\firebase.js init
[debug] [2024-08-22T16:21:57.609Z] CLI Version:   13.15.4
[debug] [2024-08-22T16:21:57.609Z] Platform:      win32
[debug] [2024-08-22T16:21:57.609Z] Node Version:  v22.7.0
[debug] [2024-08-22T16:21:57.609Z] Time:          Thu Aug 22 2024 18:21:57 GMT+0200 (Mitteleuropäische Sommerzeit)
[debug] [2024-08-22T16:21:57.609Z] ----------------------------------------------------------------------
[debug] 
[debug] [2024-08-22T16:21:57.669Z] Field ".emulators.hosting.port" in "firebase.json" is possibly invalid: should be number
[debug] [2024-08-22T16:21:57.676Z] > command requires scopes: ["email","openid","https://www.googleapis.com/auth/cloudplatformprojects.readonly","https://www.googleapis.com/auth/firebase","https://www.googleapis.com/auth/cloud-platform"]
[debug] [2024-08-22T16:21:57.676Z] > authorizing via signed-in user (alexandros.ntrikos@ohg-monheim.eu)
[debug] [2024-08-22T16:21:57.677Z] Field ".emulators.hosting.port" in "firebase.json" is possibly invalid: should be number
[info] 
     ######## #### ########  ######## ########     ###     ######  ########
     ##        ##  ##     ## ##       ##     ##  ##   ##  ##       ##
     ######    ##  ########  ######   ########  #########  ######  ######
     ##        ##  ##    ##  ##       ##     ## ##     ##       ## ##
     ##       #### ##     ## ######## ########  ##     ##  ######  ########

You're about to initialize a Firebase project in this directory:

  C:\Users\ntrik\OneDrive\Dokumente\GitHub\michaelartist

Before we get started, keep in mind:

  * You are initializing within an existing Firebase project directory

[info] 
=== Project Setup
[info] 
[info] First, let's associate this project directory with a Firebase project.
[info] You can create multiple project aliases by running firebase use --add, 
[info] but for now we'll just set up a default project.
[info] 
[debug] [2024-08-22T16:22:14.873Z] Using project from CLI flag: michael--artist
[debug] [2024-08-22T16:22:14.876Z] >>> [apiv2][query] GET https://firebase.googleapis.com/v1beta1/projects/michael--artist [none]
[debug] [2024-08-22T16:22:15.237Z] <<< [apiv2][status] GET https://firebase.googleapis.com/v1beta1/projects/michael--artist 200
[debug] [2024-08-22T16:22:15.238Z] <<< [apiv2][body] GET https://firebase.googleapis.com/v1beta1/projects/michael--artist {"projectId":"michael--artist","projectNumber":"690442290094","displayName":"Michael","name":"projects/michael--artist","resources":{"hostingSite":"michael--artist","realtimeDatabaseInstance":"michael--artist-default-rtdb","storageBucket":"michael--artist.appspot.com","locationId":"europe-west"},"state":"ACTIVE","etag":"1_7e3cedb0-ca57-443e-8db3-c723d7c924c6"}
[info] i  Using project michael--artist (Michael) 
[info] 
=== Firestore Setup
[debug] [2024-08-22T16:22:15.245Z] >>> [apiv2][query] GET https://serviceusage.googleapis.com/v1/projects/michael--artist/services/firestore.googleapis.com [none]
[debug] [2024-08-22T16:22:15.245Z] >>> [apiv2][(partial)header] GET https://serviceusage.googleapis.com/v1/projects/michael--artist/services/firestore.googleapis.com x-goog-quota-user=projects/michael--artist
[debug] [2024-08-22T16:22:16.149Z] <<< [apiv2][status] GET https://serviceusage.googleapis.com/v1/projects/michael--artist/services/firestore.googleapis.com 200
[debug] [2024-08-22T16:22:16.149Z] <<< [apiv2][body] GET https://serviceusage.googleapis.com/v1/projects/michael--artist/services/firestore.googleapis.com [omitted]
[debug] [2024-08-22T16:22:16.149Z] >>> [apiv2][query] GET https://firestore.googleapis.com/v1/projects/michael--artist/databases/(default) [none]
[debug] [2024-08-22T16:22:16.366Z] <<< [apiv2][status] GET https://firestore.googleapis.com/v1/projects/michael--artist/databases/(default) 200
[debug] [2024-08-22T16:22:16.366Z] <<< [apiv2][body] GET https://firestore.googleapis.com/v1/projects/michael--artist/databases/(default) {"name":"projects/michael--artist/databases/(default)","uid":"b3fcdabb-6e1b-4b56-9752-2608164bc5af","createTime":"2023-02-26T16:00:08.404512Z","updateTime":"2023-02-26T16:00:08.404512Z","locationId":"eur3","type":"FIRESTORE_NATIVE","concurrencyMode":"PESSIMISTIC","versionRetentionPeriod":"3600s","earliestVersionTime":"2024-08-22T15:22:18.994740Z","appEngineIntegrationMode":"ENABLED","keyPrefix":"e","pointInTimeRecoveryEnablement":"POINT_IN_TIME_RECOVERY_DISABLED","deleteProtectionState":"DELETE_PROTECTION_DISABLED","etag":"ILOaooCBiYgDMJbYrvf2zoQD"}
[debug] [2024-08-22T16:22:16.367Z] database_type: FIRESTORE_NATIVE
[debug] [2024-08-22T16:22:16.367Z] > command requires scopes: ["email","openid","https://www.googleapis.com/auth/cloudplatformprojects.readonly","https://www.googleapis.com/auth/firebase","https://www.googleapis.com/auth/cloud-platform"]
[debug] [2024-08-22T16:22:16.367Z] > authorizing via signed-in user (alexandros.ntrikos@ohg-monheim.eu)
[debug] [2024-08-22T16:22:16.367Z] [iam] checking project michael--artist for permissions ["firebase.projects.get"]
[debug] [2024-08-22T16:22:16.368Z] >>> [apiv2][query] POST https://cloudresourcemanager.googleapis.com/v1/projects/michael--artist:testIamPermissions [none]
[debug] [2024-08-22T16:22:16.368Z] >>> [apiv2][(partial)header] POST https://cloudresourcemanager.googleapis.com/v1/projects/michael--artist:testIamPermissions x-goog-quota-user=projects/michael--artist
[debug] [2024-08-22T16:22:16.368Z] >>> [apiv2][body] POST https://cloudresourcemanager.googleapis.com/v1/projects/michael--artist:testIamPermissions {"permissions":["firebase.projects.get"]}
[debug] [2024-08-22T16:22:17.118Z] <<< [apiv2][status] POST https://cloudresourcemanager.googleapis.com/v1/projects/michael--artist:testIamPermissions 200
[debug] [2024-08-22T16:22:17.118Z] <<< [apiv2][body] POST https://cloudresourcemanager.googleapis.com/v1/projects/michael--artist:testIamPermissions {"permissions":["firebase.projects.get"]}
[info] 
[info] Firestore Security Rules allow you to define how and when to allow
[info] requests. You can keep these rules in your project directory
[info] and publish them with firebase deploy.
[info] 
[debug] [2024-08-22T16:22:19.325Z] >>> [apiv2][query] GET https://firebaserules.googleapis.com/v1/projects/michael--artist/releases pageSize=10&pageToken=
[debug] [2024-08-22T16:22:20.096Z] <<< [apiv2][status] GET https://firebaserules.googleapis.com/v1/projects/michael--artist/releases 200
[debug] [2024-08-22T16:22:20.096Z] <<< [apiv2][body] GET https://firebaserules.googleapis.com/v1/projects/michael--artist/releases {"releases":[{"name":"projects/michael--artist/releases/cloud.firestore","rulesetName":"projects/michael--artist/rulesets/238a7724-2e60-4192-8438-baa677fa81a1","createTime":"2023-11-27T19:05:23.343882Z","updateTime":"2024-07-26T14:30:03.386944Z"},{"name":"projects/michael--artist/releases/firebase.storage/michael--artist.appspot.com","rulesetName":"projects/michael--artist/rulesets/39ff9c1f-a911-42d2-8ccc-93fff2caa8d5","createTime":"2023-08-15T17:30:58.621028Z","updateTime":"2024-08-20T11:53:04.280311Z"}]}
[debug] [2024-08-22T16:22:20.096Z] Found ruleset: projects/michael--artist/rulesets/238a7724-2e60-4192-8438-baa677fa81a1
[debug] [2024-08-22T16:22:20.097Z] >>> [apiv2][query] GET https://firebaserules.googleapis.com/v1/projects/michael--artist/rulesets/238a7724-2e60-4192-8438-baa677fa81a1 [none]
[debug] [2024-08-22T16:22:20.314Z] <<< [apiv2][status] GET https://firebaserules.googleapis.com/v1/projects/michael--artist/rulesets/238a7724-2e60-4192-8438-baa677fa81a1 200
[debug] [2024-08-22T16:22:20.314Z] <<< [apiv2][body] GET https://firebaserules.googleapis.com/v1/projects/michael--artist/rulesets/238a7724-2e60-4192-8438-baa677fa81a1 [omitted]
[info] 
[info] Firestore indexes allow you to perform complex queries while
[info] maintaining performance that scales with the size of the result
[info] set. You can keep index definitions in your project directory
[info] and publish them with firebase deploy.
[info] 
[debug] [2024-08-22T16:22:22.087Z] >>> [apiv2][query] GET https://firestore.googleapis.com/v1/projects/michael--artist/databases/(default)/collectionGroups/-/indexes [none]
[debug] [2024-08-22T16:22:22.090Z] >>> [apiv2][query] GET https://firestore.googleapis.com/v1/projects/michael--artist/databases/(default)/collectionGroups/-/fields?filter=indexConfig.usesAncestorConfig=false OR ttlConfig:* [none]
[debug] [2024-08-22T16:22:22.288Z] <<< [apiv2][status] GET https://firestore.googleapis.com/v1/projects/michael--artist/databases/(default)/collectionGroups/-/fields?filter=indexConfig.usesAncestorConfig=false OR ttlConfig:* 200
[debug] [2024-08-22T16:22:22.289Z] <<< [apiv2][body] GET https://firestore.googleapis.com/v1/projects/michael--artist/databases/(default)/collectionGroups/-/fields?filter=indexConfig.usesAncestorConfig=false OR ttlConfig:* {"fields":[{"name":"projects/michael--artist/databases/(default)/collectionGroups/__default__/fields/*","indexConfig":{"indexes":[{"queryScope":"COLLECTION","fields":[{"fieldPath":"*","order":"ASCENDING"}],"state":"READY"},{"queryScope":"COLLECTION","fields":[{"fieldPath":"*","order":"DESCENDING"}],"state":"READY"},{"queryScope":"COLLECTION","fields":[{"fieldPath":"*","arrayConfig":"CONTAINS"}],"state":"READY"}]}}]}
[debug] [2024-08-22T16:22:22.302Z] <<< [apiv2][status] GET https://firestore.googleapis.com/v1/projects/michael--artist/databases/(default)/collectionGroups/-/indexes 200
[debug] [2024-08-22T16:22:22.302Z] <<< [apiv2][body] GET https://firestore.googleapis.com/v1/projects/michael--artist/databases/(default)/collectionGroups/-/indexes {}
[info] 
=== Functions Setup
[debug] [2024-08-22T16:22:22.304Z] > command requires scopes: ["email","openid","https://www.googleapis.com/auth/cloudplatformprojects.readonly","https://www.googleapis.com/auth/firebase","https://www.googleapis.com/auth/cloud-platform"]
[debug] [2024-08-22T16:22:22.305Z] > authorizing via signed-in user (alexandros.ntrikos@ohg-monheim.eu)
[debug] [2024-08-22T16:22:22.305Z] [iam] checking project michael--artist for permissions ["firebase.projects.get"]
[debug] [2024-08-22T16:22:22.305Z] >>> [apiv2][query] POST https://cloudresourcemanager.googleapis.com/v1/projects/michael--artist:testIamPermissions [none]
[debug] [2024-08-22T16:22:22.305Z] >>> [apiv2][(partial)header] POST https://cloudresourcemanager.googleapis.com/v1/projects/michael--artist:testIamPermissions x-goog-quota-user=projects/michael--artist
[debug] [2024-08-22T16:22:22.305Z] >>> [apiv2][body] POST https://cloudresourcemanager.googleapis.com/v1/projects/michael--artist:testIamPermissions {"permissions":["firebase.projects.get"]}
[debug] [2024-08-22T16:22:22.532Z] <<< [apiv2][status] POST https://cloudresourcemanager.googleapis.com/v1/projects/michael--artist:testIamPermissions 200
[debug] [2024-08-22T16:22:22.533Z] <<< [apiv2][body] POST https://cloudresourcemanager.googleapis.com/v1/projects/michael--artist:testIamPermissions {"permissions":["firebase.projects.get"]}
[debug] [2024-08-22T16:22:22.534Z] >>> [apiv2][query] GET https://serviceusage.googleapis.com/v1/projects/michael--artist/services/cloudfunctions.googleapis.com [none]
[debug] [2024-08-22T16:22:22.534Z] >>> [apiv2][(partial)header] GET https://serviceusage.googleapis.com/v1/projects/michael--artist/services/cloudfunctions.googleapis.com x-goog-quota-user=projects/michael--artist
[debug] [2024-08-22T16:22:22.536Z] >>> [apiv2][query] GET https://serviceusage.googleapis.com/v1/projects/michael--artist/services/runtimeconfig.googleapis.com [none]
[debug] [2024-08-22T16:22:22.536Z] >>> [apiv2][(partial)header] GET https://serviceusage.googleapis.com/v1/projects/michael--artist/services/runtimeconfig.googleapis.com x-goog-quota-user=projects/michael--artist
[debug] [2024-08-22T16:22:23.456Z] <<< [apiv2][status] GET https://serviceusage.googleapis.com/v1/projects/michael--artist/services/runtimeconfig.googleapis.com 200
[debug] [2024-08-22T16:22:23.456Z] <<< [apiv2][body] GET https://serviceusage.googleapis.com/v1/projects/michael--artist/services/runtimeconfig.googleapis.com [omitted]
[debug] [2024-08-22T16:22:23.462Z] <<< [apiv2][status] GET https://serviceusage.googleapis.com/v1/projects/michael--artist/services/cloudfunctions.googleapis.com 200
[debug] [2024-08-22T16:22:23.462Z] <<< [apiv2][body] GET https://serviceusage.googleapis.com/v1/projects/michael--artist/services/cloudfunctions.googleapis.com [omitted]
[info] 
Detected existing codebase(s): default, michaelntri2, michaelntr2

[info] Let's create a new codebase for your functions.
[info] A directory corresponding to the codebase will be created in your project
[info] with sample code pre-configured.

[info] See https://firebase.google.com/docs/functions/organize-functions for
[info] more information on organizing your functions using codebases.

[info] Functions can be deployed with firebase deploy.

[info] +  Wrote micha/package.json 
[info] +  Wrote micha/.eslintrc.js 
[info] +  Wrote micha/index.js 
[info] +  Wrote micha/.gitignore 
[info] 
=== Hosting Setup
[debug] [2024-08-22T16:23:01.031Z] >>> [apiv2][query] GET https://firebase.googleapis.com/v1beta1/projects/michael--artist [none]
[debug] [2024-08-22T16:23:01.318Z] <<< [apiv2][status] GET https://firebase.googleapis.com/v1beta1/projects/michael--artist 200
[debug] [2024-08-22T16:23:01.319Z] <<< [apiv2][body] GET https://firebase.googleapis.com/v1beta1/projects/michael--artist {"projectId":"michael--artist","projectNumber":"690442290094","displayName":"Michael","name":"projects/michael--artist","resources":{"hostingSite":"michael--artist","realtimeDatabaseInstance":"michael--artist-default-rtdb","storageBucket":"michael--artist.appspot.com","locationId":"europe-west"},"state":"ACTIVE","etag":"1_7e3cedb0-ca57-443e-8db3-c723d7c924c6"}
[info] 
[info] Your public directory is the folder (relative to your project directory) that
[info] will contain Hosting assets to be uploaded with firebase deploy. If you
[info] have a build process for your assets, use your build's output directory.
[info] 
